[2016-12-13 16:26:34] START
[2016-12-13 16:39:59] CREATE admin/juegos.html: 0
[2016-12-13 16:40:16] EDIT Afinidata/views/admin/juegos.html: -2
[2016-12-13 16:40:29] EDIT Afinidata/views/admin/juegos.html: 73
[2016-12-13 16:40:31] EDIT Afinidata/views/admin/juegos.html: 0
[2016-12-13 16:40:41] EDIT Afinidata/views/admin/juegos.html: 0
[2016-12-13 16:40:59] CREATE admin.py: 0
[2016-12-13 16:41:44] EDIT Afinidata/controllers/admin.py: 2
[2016-12-13 16:41:49] EDIT Afinidata/views/admin/juegos.html: 0
[2016-12-13 16:42:58] EDIT Afinidata/views/admin/juegos.html: 0
[2016-12-13 16:44:35] EDIT Afinidata/controllers/admin.py: 2
[2016-12-13 16:44:45] EDIT Afinidata/controllers/admin.py: 0
[2016-12-13 16:44:53] EDIT Afinidata/controllers/admin.py: 0
[2016-12-13 16:45:05] EDIT Afinidata/controllers/admin.py: 0
[2016-12-13 16:45:24] CREATE admin/crear_juegos.html: 0
[2016-12-13 16:45:28] EDIT Afinidata/views/admin/crear_juegos.html: -2
[2016-12-13 16:45:44] EDIT Afinidata/views/admin/crear_juegos.html: 157
[2016-12-13 21:24:01] UPLOAD /home/luissucuc/Dropbox/Code/Python/web2py/applications/CopiaAfini/static/css/font_awesome.css: 4
[2016-12-13 21:25:24] UPLOAD /home/luissucuc/Dropbox/Code/Python/web2py/applications/CopiaAfini/static/css/animate.css: 2458
[2016-12-13 21:25:49] UPLOAD /home/luissucuc/Dropbox/Code/Python/web2py/applications/CopiaAfini/static/css/style.css: 8360
[2016-12-13 21:27:43] UPLOAD /home/luissucuc/Dropbox/Code/Python/web2py/applications/CopiaAfini/static/js/jquery.slimscroll.min.js: 16
[2016-12-13 21:29:32] UPLOAD /home/luissucuc/Dropbox/Code/Python/web2py/applications/CopiaAfini/static/css/bootstrap_rtl.min.css: 8
[2016-12-13 21:36:04] EDIT CopiaAfini/views/layout.html: 5
[2016-12-13 21:36:23] EDIT CopiaAfini/views/layout.html: 2
[2016-12-13 21:36:36] EDIT CopiaAfini/views/layout.html: 0
[2017-01-02 21:30:16] EDIT afinidata/models/db.py: 3
[2017-01-06 23:22:40] EDIT afinidata/models/db.py: 0
[2017-01-06 23:23:34] EDIT afinidata/views/default/index.html: 1
[2017-01-06 23:24:23] EDIT afinidata/controllers/default.py: 0
[2017-01-06 23:24:26] EDIT afinidata/controllers/default.py: 0
[2017-01-06 23:33:43] EDIT afinidata/models/db.py: -3
[2017-01-06 23:33:55] EDIT afinidata/models/db.py: 0
[2017-01-06 23:36:54] EDIT afinidata/models/db.py: 3
[2017-01-06 23:37:07] EDIT afinidata/models/db.py: 0
[2017-01-06 23:46:41] EDIT afinidata/static/js/web2py-bootstrap3.js: 0
[2017-01-06 23:49:29] EDIT afinidata/views/layout.html: -1
[2017-01-16 11:32:32] EDIT afinidata/views/layout.html: 0
[2017-01-16 11:40:28] EDIT afinidata/views/layout.html: 0
[2017-01-16 12:38:35] EDIT afinidata/controllers/appadmin.py: 0
[2017-01-16 12:38:51] EDIT afinidata/controllers/appadmin.py: 0
[2017-01-16 12:39:46] EDIT afinidata/views/default/index.html: 0
[2017-01-16 12:41:09] EDIT afinidata/views/default/index.html: 0
[2017-01-16 12:41:27] EDIT afinidata/views/default/index.html: 0
[2017-01-16 12:41:57] EDIT afinidata/views/default/index.html: 0
[2017-01-16 12:43:03] EDIT afinidata/views/appadmin.html: 0
[2017-01-16 12:43:38] EDIT afinidata/views/appadmin.html: 0
[2017-01-16 12:44:12] EDIT afinidata/views/default/index.html: 0
[2017-01-25 09:28:18] EDIT afinidata/controllers/juegos.py: 0
[2017-01-25 09:30:14] EDIT afinidata/controllers/unidades.py: 0
[2017-01-25 09:33:35] EDIT afinidata/views/layout.html: 8
[2017-01-25 09:34:20] EDIT afinidata/controllers/unidades.py: 0
[2017-01-25 09:36:48] EDIT afinidata/controllers/unidades.py: -8
[2017-01-25 09:36:51] EDIT afinidata/controllers/unidades.py: -1
[2017-01-25 09:36:56] EDIT afinidata/controllers/unidades.py: 0
[2017-01-25 09:37:06] EDIT afinidata/controllers/unidades.py: 0
[2017-01-25 09:39:54] EDIT afinidata/controllers/unidades.py: 4
[2017-01-25 09:40:47] EDIT afinidata/views/unidades/index.html: 0
[2017-01-25 09:45:18] EDIT afinidata/views/unidades/index.html: -2
[2017-01-25 09:48:27] EDIT afinidata/views/unidades/index.html: -15
[2017-01-25 09:49:14] EDIT afinidata/views/unidades/index.html: 0
[2017-01-25 09:49:42] EDIT afinidata/views/unidades/index.html: 0
[2017-01-25 09:50:37] EDIT afinidata/views/unidades/index.html: 0
[2017-01-25 09:51:33] EDIT afinidata/views/unidades/index.html: 0
[2017-01-25 09:51:59] EDIT afinidata/controllers/unidades.py: 0
[2017-01-25 09:54:56] EDIT afinidata/views/unidades/index.html: 2
[2017-01-25 09:55:31] EDIT afinidata/views/unidades/index.html: 0
[2017-01-25 09:56:49] EDIT afinidata/models/db.py: 0
[2017-01-25 09:57:00] EDIT afinidata/models/db.py: 0
[2017-01-25 09:59:43] EDIT afinidata/views/layout.html: 6
[2017-01-25 10:01:22] EDIT afinidata/controllers/units.py: 0
[2017-01-25 10:01:28] EDIT afinidata/controllers/units.py: 0
[2017-01-25 10:03:32] EDIT afinidata/controllers/units.py: 0
[2017-01-25 10:06:25] EDIT afinidata/controllers/units.py: 1
[2017-01-25 10:06:41] EDIT afinidata/controllers/units.py: 0
[2017-01-25 10:07:22] EDIT afinidata/views/units/index.html: 4
[2017-01-25 10:07:32] EDIT afinidata/views/units/index.html: 0
[2017-01-25 10:07:52] EDIT afinidata/views/layout.html: 0
[2017-01-25 10:09:25] EDIT afinidata/views/units/create.html: 0
[2017-01-25 10:09:44] EDIT afinidata/views/units/create.html: 0
[2017-01-25 10:11:51] EDIT afinidata/views/units/create.html: 0
[2017-01-25 10:12:00] EDIT afinidata/views/units/create.html: 0
[2017-01-25 10:12:16] EDIT afinidata/views/units/create.html: 0
[2017-01-25 10:16:36] EDIT afinidata/controllers/units.py: 1
[2017-01-25 10:16:47] EDIT afinidata/controllers/units.py: 0
[2017-01-25 10:16:50] EDIT afinidata/controllers/units.py: 0
[2017-01-25 10:16:59] EDIT afinidata/controllers/units.py: 0
[2017-01-25 10:17:03] EDIT afinidata/controllers/units.py: 0
[2017-01-25 10:17:12] EDIT afinidata/controllers/units.py: 0
[2017-01-25 10:17:13] EDIT afinidata/controllers/units.py: 0
[2017-01-25 10:18:17] EDIT afinidata/views/units/index.html: 0
[2017-01-25 10:34:13] EDIT afinidata/controllers/units.py: 0
[2017-01-25 10:36:47] EDIT afinidata/views/units/index.html: -2
[2017-01-25 10:36:52] EDIT afinidata/views/units/index.html: 0
[2017-01-25 10:38:21] EDIT afinidata/views/units/edit.html: 4
[2017-01-25 10:39:41] EDIT afinidata/views/units/edit.html: 0
[2017-01-25 10:40:39] EDIT afinidata/views/units/edit.html: 0
[2017-01-25 10:41:52] EDIT afinidata/views/units/edit.html: 0
[2017-01-25 10:55:56] EDIT afinidata/views/units/index.html: 2
[2017-01-25 10:56:24] EDIT afinidata/controllers/units.py: 0
[2017-01-25 10:56:34] EDIT afinidata/views/units/edit.html: 0
[2017-01-25 10:58:05] EDIT afinidata/views/units/edit.html: 4
[2017-01-25 11:00:03] EDIT afinidata/controllers/units.py: 0
[2017-01-25 11:14:16] EDIT afinidata/controllers/units.py: 0
[2017-01-25 11:15:45] EDIT afinidata/controllers/units.py: -5
[2017-01-25 11:20:27] EDIT afinidata/views/units/show.html: -16
[2017-01-25 12:01:23] EDIT afinidata/views/layout.html: 0
[2017-01-25 12:02:01] EDIT afinidata/views/layout.html: 0
[2017-01-25 12:02:48] EDIT afinidata/views/layout.html: 1
[2017-01-25 12:47:20] EDIT afinidata/views/layout.html: 0
[2017-01-25 12:48:00] EDIT afinidata/views/layout.html: 0
[2017-01-25 12:53:39] EDIT afinidata/views/layout.html: 1
[2017-01-25 12:53:47] EDIT afinidata/views/layout.html: 0
[2017-01-25 12:53:52] EDIT afinidata/views/layout.html: 0
[2017-01-25 12:54:09] EDIT afinidata/views/layout.html: 0
[2017-01-25 12:54:15] EDIT afinidata/views/layout.html: 0
[2017-01-25 12:54:20] EDIT afinidata/views/layout.html: 0
[2017-01-25 12:54:32] EDIT afinidata/views/layout.html: 0
[2017-01-25 12:55:07] EDIT afinidata/views/layout.html: 0
[2017-01-25 12:55:14] EDIT afinidata/views/layout.html: 0
[2017-01-25 12:55:23] EDIT afinidata/views/layout.html: 0
[2017-01-25 12:55:28] EDIT afinidata/views/layout.html: 0
[2017-01-25 12:55:33] EDIT afinidata/views/layout.html: 0
[2017-01-25 12:56:02] EDIT afinidata/views/layout.html: 1
[2017-01-25 12:56:36] EDIT afinidata/views/layout.html: 0
[2017-01-25 12:57:40] EDIT afinidata/views/layout.html: 2
[2017-01-25 12:58:34] EDIT afinidata/views/layout.html: 0
[2017-01-25 13:00:42] EDIT afinidata/views/layout.html: 2
[2017-01-25 13:01:52] EDIT afinidata/views/layout.html: 2
[2017-01-25 13:03:11] EDIT afinidata/views/layout.html: 9
[2017-01-25 13:03:28] EDIT afinidata/views/layout.html: 0
[2017-01-25 13:03:46] EDIT afinidata/views/layout.html: -4
[2017-01-25 13:06:33] EDIT afinidata/views/layout.html: 0
[2017-01-31 13:11:29] EDIT afinidata/views/units/edit_assigned_objects.html: 0
[2017-01-31 13:11:40] EDIT afinidata/views/units/edit_assigned_objects.html: 0
[2017-01-31 13:11:41] EDIT afinidata/views/units/edit_assigned_objects.html: 0
[2017-01-31 13:11:42] EDIT afinidata/views/units/edit_assigned_objects.html: 0
[2017-01-31 13:11:42] EDIT afinidata/views/units/edit_assigned_objects.html: 0
[2017-01-31 13:11:43] EDIT afinidata/views/units/edit_assigned_objects.html: 0
[2017-01-31 13:11:43] EDIT afinidata/views/units/edit_assigned_objects.html: 0
[2017-01-31 13:11:43] EDIT afinidata/views/units/edit_assigned_objects.html: 0
[2017-01-31 13:11:44] EDIT afinidata/views/units/edit_assigned_objects.html: 0
[2017-01-31 13:11:44] EDIT afinidata/views/units/edit_assigned_objects.html: 0
[2017-01-31 13:11:44] EDIT afinidata/views/units/edit_assigned_objects.html: 0
[2017-01-31 13:11:45] EDIT afinidata/views/units/edit_assigned_objects.html: 0
[2017-01-31 13:11:45] EDIT afinidata/views/units/edit_assigned_objects.html: 0
[2017-01-31 13:11:45] EDIT afinidata/views/units/edit_assigned_objects.html: 0
[2017-01-31 13:11:45] EDIT afinidata/views/units/edit_assigned_objects.html: 0
[2017-01-31 13:11:46] EDIT afinidata/views/units/edit_assigned_objects.html: 0
[2017-01-31 13:11:46] EDIT afinidata/views/units/edit_assigned_objects.html: 0
[2017-01-31 13:11:46] EDIT afinidata/views/units/edit_assigned_objects.html: 0
[2017-01-31 13:11:47] EDIT afinidata/views/units/edit_assigned_objects.html: 0
[2017-01-31 13:38:52] EDIT afinidata/views/units/edit_assigned_objects.html: 0
[2017-01-31 13:40:01] EDIT afinidata/controllers/units.py: 1
[2017-01-31 13:40:08] EDIT afinidata/controllers/units.py: -1
[2017-01-31 13:40:30] EDIT afinidata/views/units/edit_assigned_objects.html: 1
[2017-01-31 13:40:37] EDIT afinidata/views/units/edit_assigned_objects.html: 0
[2017-01-31 13:41:04] EDIT afinidata/views/units/edit_assigned_objects.html: -1
[2017-01-31 13:43:51] EDIT afinidata/views/units/show.html: 0
[2017-02-09 12:52:43] EDIT afinidata/controllers/login.py: 0
[2017-02-09 12:52:48] EDIT afinidata/controllers/login.py: 0
[2017-02-22 20:26:30] EDIT afinidata/controllers/login.py: 0
[2017-02-22 20:26:46] EDIT afinidata/controllers/login.py: 0
[2017-02-22 21:02:19] EDIT afinidata/controllers/login.py: 9
[2017-02-22 21:05:58] EDIT afinidata/controllers/login.py: 0
[2017-02-22 21:06:24] EDIT afinidata/controllers/login.py: 0
[2017-02-22 21:15:02] EDIT afinidata/controllers/login.py: 0
[2017-02-23 03:09:11] EDIT afinidata/controllers/login.py: 0
[2017-02-23 03:18:46] EDIT afinidata/controllers/login.py: 0
[2017-03-02 15:02:27] EDIT afinidata/controllers/login.py: 0
[2017-03-02 15:03:22] EDIT afinidata/controllers/login.py: 0
[2017-03-02 15:04:27] EDIT afinidata/controllers/login.py: 0
[2017-03-24 10:17:24] EDIT afinidata/controllers/login.py: 0
[2017-03-24 10:17:33] EDIT afinidata/controllers/login.py: 0
[2017-03-24 10:17:35] EDIT afinidata/controllers/login.py: 0
[2017-03-24 10:17:41] EDIT afinidata/controllers/login.py: 0
[2017-03-24 13:56:13] EDIT afinidata/controllers/login.py: 0
[2017-03-24 13:56:51] EDIT afinidata/controllers/login.py: 0
[2017-03-24 13:56:54] EDIT afinidata/controllers/login.py: 0
[2017-03-24 13:56:55] EDIT afinidata/controllers/login.py: 0
[2017-03-24 13:57:01] EDIT afinidata/controllers/login.py: 0
[2017-03-30 11:21:59] EDIT afinidata/controllers/report.py: 0
[2017-03-30 11:22:06] EDIT afinidata/controllers/report.py: 0
[2017-03-30 11:22:08] EDIT afinidata/controllers/report.py: 0
[2017-03-30 11:22:11] EDIT afinidata/controllers/report.py: 0
[2017-03-31 15:28:40] EDIT afinidata/controllers/login.py: 0
[2017-03-31 15:29:54] EDIT afinidata/controllers/login.py: 0
[2017-03-31 15:29:56] EDIT afinidata/controllers/login.py: 0
[2017-03-31 15:29:56] EDIT afinidata/controllers/login.py: 0
[2017-03-31 15:29:57] EDIT afinidata/controllers/login.py: 0
[2017-03-31 15:29:57] EDIT afinidata/controllers/login.py: 0
[2017-03-31 15:29:58] EDIT afinidata/controllers/login.py: 0
[2017-03-31 15:30:09] EDIT afinidata/controllers/login.py: 0
[2017-03-31 15:30:20] EDIT afinidata/controllers/login.py: 0
[2017-03-31 15:30:20] EDIT afinidata/controllers/login.py: 0
[2017-03-31 15:30:20] EDIT afinidata/controllers/login.py: 0
[2017-03-31 15:30:20] EDIT afinidata/controllers/login.py: 0
[2017-03-31 15:30:21] EDIT afinidata/controllers/login.py: 0
[2017-03-31 15:31:01] EDIT afinidata/controllers/login.py: 0
[2017-03-31 15:31:06] EDIT afinidata/controllers/login.py: 0
[2017-03-31 15:31:10] EDIT afinidata/controllers/login.py: 0
[2017-03-31 15:31:10] EDIT afinidata/controllers/login.py: 0
[2017-03-31 15:31:12] EDIT afinidata/controllers/login.py: 0
[2017-03-31 15:31:13] EDIT afinidata/controllers/login.py: 0
[2017-03-31 15:31:16] EDIT afinidata/controllers/login.py: 0
[2017-03-31 15:32:09] EDIT afinidata/controllers/login.py: 0
[2017-03-31 15:32:12] EDIT afinidata/controllers/login.py: 0
[2017-03-31 15:32:12] EDIT afinidata/controllers/login.py: 0
[2017-03-31 15:32:12] EDIT afinidata/controllers/login.py: 0
[2017-03-31 15:32:13] EDIT afinidata/controllers/login.py: 0
[2017-03-31 15:32:13] EDIT afinidata/controllers/login.py: 0
[2017-03-31 15:32:15] EDIT afinidata/controllers/login.py: 0
[2017-03-31 15:32:16] EDIT afinidata/controllers/login.py: 0
[2017-03-31 15:32:16] EDIT afinidata/controllers/login.py: 0
[2017-03-31 15:32:17] EDIT afinidata/controllers/login.py: 0
[2017-03-31 15:32:17] EDIT afinidata/controllers/login.py: 0
[2017-03-31 15:32:18] EDIT afinidata/controllers/login.py: 0
[2017-03-31 15:32:32] EDIT afinidata/controllers/login.py: 0
[2017-03-31 15:32:34] EDIT afinidata/controllers/login.py: 0
[2017-03-31 15:32:49] EDIT afinidata/controllers/login.py: 0
[2017-03-31 15:32:54] EDIT afinidata/controllers/login.py: 0
[2017-03-31 15:32:56] EDIT afinidata/controllers/login.py: 0
[2017-03-31 15:32:56] EDIT afinidata/controllers/login.py: 0
[2017-03-31 15:32:58] EDIT afinidata/controllers/login.py: 0
[2017-03-31 15:34:42] EDIT afinidata/controllers/login.py: 0
[2017-03-31 15:34:48] EDIT afinidata/controllers/login.py: 0
[2017-03-31 15:46:56] EDIT afinidata/controllers/login.py: 0
[2017-04-08 13:13:00] EDIT afinidata/controllers/login.py: 0
[2017-04-18 18:32:26] UPLOAD /opt/web-apps/web2py/applications/afinidata/static/images/comun/logo.png: 45
[2017-04-18 18:33:27] UPLOAD /opt/web-apps/web2py/applications/afinidata/static/images/comun/next.png: 17
[2017-04-18 18:33:43] UPLOAD /opt/web-apps/web2py/applications/afinidata/static/images/comun/back.png: 25
[2017-04-18 19:01:40] UPLOAD /opt/web-apps/web2py/applications/afinidata/static/images/comun/fiz.png: 33
[2017-04-18 19:02:47] UPLOAD /opt/web-apps/web2py/applications/afinidata/static/images/comun/fder.png: 21
[2017-04-20 08:46:40] EDIT afinidata/controllers/report.py: 22
[2017-04-20 08:54:55] EDIT afinidata/models/db.py: 0
[2017-04-20 10:00:43] EDIT afinidata/controllers/report.py: 0
[2017-08-21 20:00:51] EDIT muv_project/views/layout.html: 0
[2017-08-21 20:01:08] EDIT muv_project/views/layout.html: -14
[2017-08-21 20:01:21] EDIT muv_project/views/layout.html: 0
